#options: 800x592 fps=25/1 timebase=1/25 bitdepth=8 cabac=1 ref=3 deblock=1:0:0 analyse=0x3:0x113 me=hex subme=7 psy=1 psy_rd=1.00:0.00 mixed_ref=1 me_range=16 chroma_me=1 trellis=1 8x8dct=1 cqm=0 deadzone=21,11 fast_pskip=1 chroma_qp_offset=-2 threads=6 sliced_threads=0 nr=0 decimate=1 interlaced=0 bluray_compat=0 constrained_intra=0 bframes=3 b_pyramid=2 b_adapt=1 b_bias=0 direct=1 weightb=1 open_gop=0 weightp=2 keyint=250 keyint_min=25 scenecut=40 intra_refresh=0 rc=cqp mbtree=0 qp=40 ip_ratio=1.40 pb_ratio=1.30 aq=0
in:0 out:0 type:I dur:2 cpbdur:2 q:37.00 tex:56819 mv:13370 misc:5451 imb:1850 pmb:0 smb:0 d:- ref:;
in:1 out:1 type:P dur:2 cpbdur:2 q:40.00 tex:120 mv:178 misc:222 imb:10 pmb:10 smb:1830 d:- ref:40 ;
in:5 out:2 type:P dur:2 cpbdur:2 q:40.00 tex:0 mv:7 misc:193 imb:0 pmb:1 smb:1849 d:- ref:0 0 4 ;
in:3 out:3 type:B dur:2 cpbdur:2 q:41.00 tex:3 mv:102 misc:255 imb:0 pmb:15 smb:1835 d:- ref:0 0 ;
in:2 out:4 type:b dur:2 cpbdur:2 q:42.00 tex:1 mv:25 misc:214 imb:0 pmb:8 smb:1842 d:- ref:4 ;
in:4 out:5 type:b dur:2 cpbdur:2 q:42.00 tex:2 mv:25 misc:213 imb:0 pmb:8 smb:1842 d:- ref:28 0 ;
in:9 out:6 type:P dur:2 cpbdur:2 q:40.00 tex:2440 mv:548 misc:300 imb:29 pmb:8 smb:1813 d:- ref:28 4 0 0 ;
in:7 out:7 type:B dur:2 cpbdur:2 q:41.00 tex:548 mv:412 misc:384 imb:7 pmb:52 smb:1791 d:- ref:42 52 0 ;
in:6 out:8 type:b dur:2 cpbdur:2 q:42.00 tex:392 mv:354 misc:326 imb:4 pmb:45 smb:1800 d:- ref:43 ;
in:8 out:9 type:b dur:2 cpbdur:2 q:42.00 tex:32 mv:261 misc:283 imb:0 pmb:31 smb:1819 d:- ref:82 10 ;
in:13 out:10 type:P dur:2 cpbdur:2 q:40.00 tex:931 mv:261 misc:272 imb:16 pmb:8 smb:1826 d:- ref:12 4 12 4 ;
in:11 out:11 type:B dur:2 cpbdur:2 q:41.00 tex:307 mv:303 misc:350 imb:5 pmb:40 smb:1805 d:- ref:34 56 0 ;
in:10 out:12 type:b dur:2 cpbdur:2 q:42.00 tex:102 mv:198 misc:276 imb:0 pmb:30 smb:1820 d:- ref:48 ;
in:12 out:13 type:b dur:2 cpbdur:2 q:42.00 tex:7 mv:263 misc:290 imb:0 pmb:29 smb:1821 d:- ref:70 0 ;
in:17 out:14 type:P dur:2 cpbdur:2 q:40.00 tex:162 mv:167 misc:239 imb:0 pmb:15 smb:1835 d:- ref:52 0 0 8 ;
in:15 out:15 type:B dur:2 cpbdur:2 q:41.00 tex:238 mv:231 misc:323 imb:1 pmb:31 smb:1818 d:- ref:0 56 0 ;
in:14 out:16 type:b dur:2 cpbdur:2 q:42.00 tex:43 mv:162 misc:267 imb:0 pmb:25 smb:1825 d:- ref:28 ;
in:16 out:17 type:b dur:2 cpbdur:2 q:42.00 tex:4 mv:212 misc:256 imb:0 pmb:20 smb:1830 d:- ref:52 0 ;
in:18 out:18 type:P dur:2 cpbdur:2 q:40.00 tex:33 mv:129 misc:230 imb:0 pmb:9 smb:1841 d:- ref:32 0 0 4 ;
in:22 out:19 type:P dur:2 cpbdur:2 q:40.00 tex:168 mv:192 misc:240 imb:2 pmb:14 smb:1834 d:- ref:32 0 20 4 ;
in:20 out:20 type:B dur:2 cpbdur:2 q:41.00 tex:99 mv:291 misc:322 imb:0 pmb:35 smb:1815 d:- ref:32 4 44 ;
in:19 out:21 type:b dur:2 cpbdur:2 q:42.00 tex:103 mv:202 misc:271 imb:0 pmb:25 smb:1825 d:- ref:44 ;
in:21 out:22 type:b dur:2 cpbdur:2 q:42.00 tex:39 mv:184 misc:273 imb:1 pmb:24 smb:1825 d:- ref:54 4 ;
in:23 out:23 type:P dur:2 cpbdur:2 q:40.00 tex:62 mv:119 misc:243 imb:0 pmb:15 smb:1835 d:- ref:44 12 4 0 ;
in:27 out:24 type:P dur:2 cpbdur:2 q:40.00 tex:485 mv:227 misc:232 imb:2 pmb:12 smb:1836 d:- ref:23 15 10 0 ;
in:25 out:25 type:B dur:2 cpbdur:2 q:41.00 tex:48 mv:214 misc:322 imb:0 pmb:32 smb:1818 d:- ref:8 4 32 ;
in:24 out:26 type:b dur:2 cpbdur:2 q:42.00 tex:2 mv:115 misc:275 imb:0 pmb:24 smb:1826 d:- ref:18 ;
in:26 out:27 type:b dur:2 cpbdur:2 q:42.00 tex:3 mv:115 misc:258 imb:0 pmb:20 smb:1830 d:- ref:54 0 ;
in:28 out:28 type:P dur:2 cpbdur:2 q:40.00 tex:83 mv:89 misc:228 imb:1 pmb:8 smb:1841 d:- ref:12 0 0 20 ;
in:29 out:29 type:P dur:2 cpbdur:2 q:40.00 tex:69 mv:92 misc:223 imb:0 pmb:9 smb:1841 d:- ref:20 0 16 0 ;
in:33 out:30 type:P dur:2 cpbdur:2 q:40.00 tex:1803 mv:577 misc:300 imb:26 pmb:18 smb:1806 d:- ref:72 0 0 0 ;
in:31 out:31 type:B dur:2 cpbdur:2 q:41.00 tex:145 mv:293 misc:346 imb:1 pmb:47 smb:1802 d:- ref:4 4 18 ;
in:30 out:32 type:b dur:2 cpbdur:2 q:42.00 tex:70 mv:173 misc:285 imb:0 pmb:39 smb:1811 d:- ref:116 ;
in:32 out:33 type:b dur:2 cpbdur:2 q:42.00 tex:97 mv:126 misc:281 imb:0 pmb:22 smb:1828 d:- ref:46 0 ;
in:37 out:34 type:P dur:2 cpbdur:2 q:40.00 tex:842 mv:269 misc:265 imb:9 pmb:11 smb:1830 d:- ref:16 0 22 6 ;
in:35 out:35 type:B dur:2 cpbdur:2 q:41.00 tex:39 mv:275 misc:350 imb:0 pmb:38 smb:1811 d:- ref:32 56 8 ;
in:34 out:36 type:b dur:2 cpbdur:2 q:42.00 tex:3 mv:214 misc:287 imb:0 pmb:28 smb:1822 d:- ref:30 ;
in:36 out:37 type:b dur:2 cpbdur:2 q:42.00 tex:113 mv:159 misc:280 imb:0 pmb:27 smb:1823 d:- ref:54 0 ;
in:41 out:38 type:P dur:2 cpbdur:2 q:40.00 tex:168 mv:141 misc:243 imb:0 pmb:10 smb:1840 d:- ref:28 0 8 4 ;
in:39 out:39 type:B dur:2 cpbdur:2 q:41.00 tex:1 mv:238 misc:321 imb:0 pmb:28 smb:1822 d:- ref:16 52 0 ;
in:38 out:40 type:b dur:2 cpbdur:2 q:42.00 tex:3 mv:102 misc:263 imb:0 pmb:20 smb:1830 d:- ref:8 ;
in:40 out:41 type:b dur:2 cpbdur:2 q:42.00 tex:28 mv:112 misc:268 imb:0 pmb:19 smb:1831 d:- ref:52 8 ;
in:45 out:42 type:P dur:2 cpbdur:2 q:40.00 tex:1633 mv:504 misc:303 imb:19 pmb:23 smb:1808 d:- ref:68 12 0 12 ;
in:43 out:43 type:B dur:2 cpbdur:2 q:41.00 tex:181 mv:343 misc:364 imb:0 pmb:55 smb:1795 d:- ref:30 52 0 ;
in:42 out:44 type:b dur:2 cpbdur:2 q:42.00 tex:61 mv:187 misc:312 imb:0 pmb:41 smb:1809 d:- ref:118 ;
in:44 out:45 type:b dur:2 cpbdur:2 q:42.00 tex:50 mv:157 misc:289 imb:0 pmb:23 smb:1827 d:- ref:60 0 ;
in:49 out:46 type:P dur:2 cpbdur:2 q:40.00 tex:642 mv:277 misc:265 imb:4 pmb:17 smb:1829 d:- ref:24 16 14 14 ;
in:47 out:47 type:B dur:2 cpbdur:2 q:41.00 tex:287 mv:228 misc:373 imb:2 pmb:39 smb:1809 d:- ref:32 80 0 ;
in:46 out:48 type:b dur:2 cpbdur:2 q:42.00 tex:3 mv:130 misc:283 imb:0 pmb:22 smb:1828 d:- ref:4 ;
in:48 out:49 type:b dur:2 cpbdur:2 q:42.00 tex:6 mv:175 misc:299 imb:0 pmb:28 smb:1822 d:- ref:56 12 ;
in:53 out:50 type:P dur:2 cpbdur:2 q:40.00 tex:238 mv:189 misc:269 imb:5 pmb:16 smb:1829 d:- ref:48 4 12 0 ;
in:51 out:51 type:B dur:2 cpbdur:2 q:41.00 tex:55 mv:212 misc:349 imb:0 pmb:38 smb:1812 d:- ref:12 84 0 ;
in:50 out:52 type:b dur:2 cpbdur:2 q:42.00 tex:3 mv:144 misc:285 imb:0 pmb:23 smb:1827 d:- ref:18 ;
in:52 out:53 type:b dur:2 cpbdur:2 q:42.00 tex:28 mv:117 misc:279 imb:0 pmb:22 smb:1828 d:- ref:56 8 ;
in:57 out:54 type:P dur:2 cpbdur:2 q:40.00 tex:75 mv:181 misc:256 imb:1 pmb:19 smb:1830 d:- ref:58 4 6 8 ;
in:55 out:55 type:B dur:2 cpbdur:2 q:41.00 tex:34 mv:206 misc:336 imb:0 pmb:33 smb:1817 d:- ref:4 40 4 ;
in:54 out:56 type:b dur:2 cpbdur:2 q:42.00 tex:2 mv:136 misc:278 imb:0 pmb:23 smb:1827 d:- ref:24 ;
in:56 out:57 type:b dur:2 cpbdur:2 q:42.00 tex:3 mv:110 misc:271 imb:0 pmb:20 smb:1830 d:- ref:48 0 ;
in:61 out:58 type:P dur:2 cpbdur:2 q:40.00 tex:536 mv:218 misc:270 imb:1 pmb:22 smb:1827 d:- ref:53 4 20 11 ;
in:59 out:59 type:B dur:2 cpbdur:2 q:41.00 tex:58 mv:229 misc:353 imb:0 pmb:38 smb:1812 d:- ref:30 78 4 ;
in:58 out:60 type:b dur:2 cpbdur:2 q:42.00 tex:4 mv:111 misc:277 imb:0 pmb:22 smb:1828 d:- ref:18 ;
in:60 out:61 type:b dur:2 cpbdur:2 q:42.00 tex:31 mv:142 misc:299 imb:0 pmb:28 smb:1822 d:- ref:54 4 ;
in:65 out:62 type:P dur:2 cpbdur:2 q:40.00 tex:56 mv:106 misc:246 imb:1 pmb:11 smb:1838 d:- ref:14 12 18 0 ;
in:63 out:63 type:B dur:2 cpbdur:2 q:41.00 tex:3 mv:235 misc:330 imb:0 pmb:31 smb:1819 d:- ref:8 60 20 ;
in:62 out:64 type:b dur:2 cpbdur:2 q:42.00 tex:4 mv:99 misc:265 imb:0 pmb:20 smb:1830 d:- ref:20 ;
in:64 out:65 type:b dur:2 cpbdur:2 q:42.00 tex:3 mv:101 misc:272 imb:0 pmb:20 smb:1830 d:- ref:74 0 ;
in:69 out:66 type:P dur:2 cpbdur:2 q:40.00 tex:2169 mv:604 misc:291 imb:27 pmb:10 smb:1813 d:- ref:30 4 6 0 ;
in:67 out:67 type:B dur:2 cpbdur:2 q:41.00 tex:45 mv:296 misc:363 imb:1 pmb:49 smb:1800 d:- ref:86 78 8 ;
in:66 out:68 type:b dur:2 cpbdur:2 q:42.00 tex:55 mv:88 misc:265 imb:0 pmb:20 smb:1830 d:- ref:20 ;
in:68 out:69 type:b dur:2 cpbdur:2 q:42.00 tex:13 mv:146 misc:313 imb:1 pmb:37 smb:1812 d:- ref:104 40 ;
in:73 out:70 type:P dur:2 cpbdur:2 q:40.00 tex:1171 mv:263 misc:302 imb:5 pmb:22 smb:1823 d:- ref:78 0 10 0 ;
in:71 out:71 type:B dur:2 cpbdur:2 q:41.00 tex:122 mv:238 misc:352 imb:0 pmb:37 smb:1813 d:- ref:28 52 0 ;
in:70 out:72 type:b dur:2 cpbdur:2 q:42.00 tex:29 mv:118 misc:285 imb:0 pmb:23 smb:1827 d:- ref:28 ;
in:72 out:73 type:b dur:2 cpbdur:2 q:42.00 tex:44 mv:169 misc:291 imb:0 pmb:28 smb:1822 d:- ref:60 12 ;
in:77 out:74 type:P dur:2 cpbdur:2 q:40.00 tex:2106 mv:480 misc:294 imb:25 pmb:12 smb:1813 d:- ref:38 8 2 0 ;
in:75 out:75 type:B dur:2 cpbdur:2 q:41.00 tex:154 mv:317 misc:361 imb:0 pmb:49 smb:1800 d:- ref:10 56 5 ;
in:74 out:76 type:b dur:2 cpbdur:2 q:42.00 tex:155 mv:248 misc:317 imb:1 pmb:42 smb:1807 d:- ref:8 ;
in:76 out:77 type:b dur:2 cpbdur:2 q:42.00 tex:25 mv:207 misc:280 imb:0 pmb:23 smb:1827 d:- ref:68 0 ;
in:78 out:78 type:P dur:2 cpbdur:2 q:40.00 tex:1224 mv:525 misc:307 imb:11 pmb:23 smb:1816 d:- ref:62 0 12 18 ;
in:79 out:79 type:P dur:2 cpbdur:2 q:40.00 tex:262 mv:171 misc:271 imb:1 pmb:20 smb:1829 d:- ref:63 5 4 8 ;
in:80 out:80 type:P dur:2 cpbdur:2 q:40.00 tex:140 mv:188 misc:264 imb:2 pmb:17 smb:1831 d:- ref:56 0 8 4 ;
in:81 out:81 type:P dur:2 cpbdur:2 q:40.00 tex:115 mv:138 misc:267 imb:1 pmb:17 smb:1832 d:- ref:62 4 0 2 ;
in:82 out:82 type:P dur:2 cpbdur:2 q:40.00 tex:1207 mv:427 misc:286 imb:11 pmb:23 smb:1816 d:- ref:70 18 2 2 ;
in:83 out:83 type:P dur:2 cpbdur:2 q:40.00 tex:200 mv:143 misc:273 imb:1 pmb:19 smb:1830 d:- ref:72 4 0 0 ;
in:87 out:84 type:P dur:2 cpbdur:2 q:40.00 tex:1741 mv:772 misc:319 imb:14 pmb:26 smb:1810 d:- ref:66 15 5 18 ;
in:85 out:85 type:B dur:2 cpbdur:2 q:41.00 tex:106 mv:337 misc:373 imb:1 pmb:47 smb:1802 d:- ref:82 14 10 ;
in:84 out:86 type:b dur:2 cpbdur:2 q:42.00 tex:17 mv:135 misc:264 imb:0 pmb:21 smb:1828 d:- ref:11 ;
in:86 out:87 type:b dur:2 cpbdur:2 q:42.00 tex:5 mv:190 misc:317 imb:0 pmb:36 smb:1813 d:- ref:104 36 ;
in:91 out:88 type:P dur:2 cpbdur:2 q:40.00 tex:1687 mv:676 misc:301 imb:11 pmb:27 smb:1812 d:- ref:76 2 24 6 ;
in:89 out:89 type:B dur:2 cpbdur:2 q:41.00 tex:74 mv:280 misc:374 imb:0 pmb:51 smb:1799 d:- ref:12 52 10 ;
in:88 out:90 type:b dur:2 cpbdur:2 q:42.00 tex:122 mv:185 misc:317 imb:0 pmb:45 smb:1805 d:- ref:20 ;
in:90 out:91 type:b dur:2 cpbdur:2 q:42.00 tex:41 mv:113 misc:278 imb:0 pmb:21 smb:1829 d:- ref:56 0 ;
in:92 out:92 type:P dur:2 cpbdur:2 q:40.00 tex:99 mv:126 misc:263 imb:0 pmb:18 smb:1832 d:- ref:38 22 12 0 ;
in:93 out:93 type:P dur:2 cpbdur:2 q:40.00 tex:87 mv:130 misc:255 imb:2 pmb:15 smb:1833 d:- ref:42 12 6 0 ;
in:94 out:94 type:P dur:2 cpbdur:2 q:40.00 tex:1353 mv:551 misc:288 imb:12 pmb:20 smb:1818 d:- ref:72 0 8 0 ;
in:95 out:95 type:P dur:2 cpbdur:2 q:40.00 tex:188 mv:103 misc:261 imb:1 pmb:18 smb:1831 d:- ref:68 0 4 0 ;
in:96 out:96 type:P dur:2 cpbdur:2 q:40.00 tex:625 mv:242 misc:269 imb:3 pmb:18 smb:1829 d:- ref:68 0 4 0 ;
in:97 out:97 type:P dur:2 cpbdur:2 q:40.00 tex:86 mv:97 misc:257 imb:1 pmb:16 smb:1833 d:- ref:56 8 0 0 ;
in:98 out:98 type:P dur:2 cpbdur:2 q:40.00 tex:850 mv:483 misc:283 imb:4 pmb:21 smb:1825 d:- ref:78 0 2 4 ;
in:99 out:99 type:P dur:2 cpbdur:2 q:40.00 tex:216 mv:153 misc:271 imb:1 pmb:19 smb:1830 d:- ref:74 0 0 2 ;
in:100 out:100 type:P dur:2 cpbdur:2 q:40.00 tex:59 mv:98 misc:267 imb:1 pmb:15 smb:1834 d:- ref:52 8 0 0 ;
in:101 out:101 type:P dur:2 cpbdur:2 q:40.00 tex:75 mv:143 misc:246 imb:1 pmb:17 smb:1832 d:- ref:54 4 6 4 ;
in:102 out:102 type:P dur:2 cpbdur:2 q:40.00 tex:147 mv:172 misc:257 imb:1 pmb:19 smb:1830 d:- ref:42 8 8 18 ;
in:103 out:103 type:P dur:2 cpbdur:2 q:40.00 tex:136 mv:141 misc:251 imb:1 pmb:16 smb:1833 d:- ref:46 12 6 0 ;
in:107 out:104 type:P dur:2 cpbdur:2 q:40.00 tex:2382 mv:749 misc:325 imb:20 pmb:23 smb:1807 d:- ref:64 8 14 6 ;
in:105 out:105 type:B dur:2 cpbdur:2 q:41.00 tex:623 mv:639 misc:370 imb:3 pmb:47 smb:1798 d:- ref:42 25 0 ;
in:104 out:106 type:b dur:2 cpbdur:2 q:42.00 tex:39 mv:220 misc:309 imb:2 pmb:36 smb:1812 d:- ref:104 ;
in:106 out:107 type:b dur:2 cpbdur:2 q:42.00 tex:121 mv:135 misc:328 imb:0 pmb:43 smb:1807 d:- ref:44 0 ;
in:111 out:108 type:P dur:2 cpbdur:2 q:40.00 tex:1832 mv:669 misc:339 imb:13 pmb:33 smb:1804 d:- ref:88 4 28 12 ;
in:109 out:109 type:B dur:2 cpbdur:2 q:41.00 tex:225 mv:442 misc:389 imb:0 pmb:53 smb:1796 d:- ref:44 54 4 ;
in:108 out:110 type:b dur:2 cpbdur:2 q:42.00 tex:26 mv:219 misc:331 imb:0 pmb:46 smb:1804 d:- ref:122 ;
in:110 out:111 type:b dur:2 cpbdur:2 q:42.00 tex:9 mv:182 misc:337 imb:0 pmb:41 smb:1809 d:- ref:124 16 ;
in:112 out:112 type:P dur:2 cpbdur:2 q:40.00 tex:403 mv:322 misc:315 imb:1 pmb:33 smb:1816 d:- ref:116 4 12 0 ;
in:113 out:113 type:P dur:2 cpbdur:2 q:40.00 tex:1306 mv:566 misc:296 imb:8 pmb:27 smb:1815 d:- ref:47 12 23 26 ;
in:117 out:114 type:P dur:2 cpbdur:2 q:40.00 tex:2290 mv:723 misc:323 imb:10 pmb:32 smb:1808 d:- ref:96 12 12 8 ;
in:115 out:115 type:B dur:2 cpbdur:2 q:41.00 tex:217 mv:459 misc:388 imb:0 pmb:52 smb:1798 d:- ref:86 14 50 ;
in:114 out:116 type:b dur:2 cpbdur:2 q:42.00 tex:23 mv:166 misc:315 imb:0 pmb:36 smb:1814 d:- ref:96 ;
in:116 out:117 type:b dur:2 cpbdur:2 q:42.00 tex:127 mv:307 misc:326 imb:0 pmb:42 smb:1808 d:- ref:80 34 ;
in:121 out:118 type:P dur:2 cpbdur:2 q:40.00 tex:3381 mv:771 misc:360 imb:16 pmb:32 smb:1802 d:- ref:78 18 18 14 ;
in:119 out:119 type:B dur:2 cpbdur:2 q:41.00 tex:235 mv:554 misc:411 imb:0 pmb:59 smb:1790 d:- ref:54 64 2 ;
in:118 out:120 type:b dur:2 cpbdur:2 q:42.00 tex:409 mv:366 misc:337 imb:0 pmb:44 smb:1806 d:- ref:42 ;
in:120 out:121 type:b dur:2 cpbdur:2 q:42.00 tex:9 mv:259 misc:332 imb:0 pmb:42 smb:1808 d:- ref:114 4 ;
in:125 out:122 type:P dur:2 cpbdur:2 q:40.00 tex:2104 mv:736 misc:320 imb:13 pmb:27 smb:1810 d:- ref:54 12 20 22 ;
in:123 out:123 type:B dur:2 cpbdur:2 q:41.00 tex:344 mv:538 misc:398 imb:2 pmb:54 smb:1794 d:- ref:72 62 8 ;
in:122 out:124 type:b dur:2 cpbdur:2 q:42.00 tex:5 mv:168 misc:331 imb:0 pmb:42 smb:1808 d:- ref:14 ;
in:124 out:125 type:b dur:2 cpbdur:2 q:42.00 tex:606 mv:425 misc:329 imb:2 pmb:38 smb:1809 d:- ref:48 17 ;
in:129 out:126 type:P dur:2 cpbdur:2 q:40.00 tex:2243 mv:608 misc:341 imb:4 pmb:39 smb:1807 d:- ref:87 17 30 22 ;
in:127 out:127 type:B dur:2 cpbdur:2 q:41.00 tex:539 mv:555 misc:402 imb:1 pmb:52 smb:1797 d:- ref:52 52 8 ;
in:126 out:128 type:b dur:2 cpbdur:2 q:42.00 tex:238 mv:272 misc:330 imb:0 pmb:33 smb:1815 d:- ref:58 ;
in:128 out:129 type:b dur:2 cpbdur:2 q:42.00 tex:3 mv:241 misc:340 imb:0 pmb:42 smb:1808 d:- ref:114 28 ;
in:133 out:130 type:P dur:2 cpbdur:2 q:40.00 tex:2309 mv:602 misc:337 imb:5 pmb:33 smb:1812 d:- ref:72 11 34 15 ;
in:131 out:131 type:B dur:2 cpbdur:2 q:41.00 tex:226 mv:478 misc:408 imb:0 pmb:55 smb:1795 d:- ref:40 36 18 ;
in:130 out:132 type:b dur:2 cpbdur:2 q:42.00 tex:138 mv:184 misc:318 imb:0 pmb:39 smb:1811 d:- ref:16 ;
in:132 out:133 type:b dur:2 cpbdur:2 q:42.00 tex:30 mv:264 misc:338 imb:0 pmb:39 smb:1811 d:- ref:102 18 ;
in:137 out:134 type:P dur:2 cpbdur:2 q:40.00 tex:2594 mv:678 misc:344 imb:6 pmb:38 smb:1806 d:- ref:102 2 38 10 ;
in:135 out:135 type:B dur:2 cpbdur:2 q:41.00 tex:142 mv:334 misc:404 imb:0 pmb:52 smb:1798 d:- ref:98 64 4 ;
in:134 out:136 type:b dur:2 cpbdur:2 q:42.00 tex:6 mv:165 misc:285 imb:0 pmb:25 smb:1825 d:- ref:24 ;
in:136 out:137 type:b dur:2 cpbdur:2 q:42.00 tex:219 mv:309 misc:336 imb:1 pmb:39 smb:1810 d:- ref:56 38 ;
in:141 out:138 type:P dur:2 cpbdur:2 q:40.00 tex:2319 mv:617 misc:344 imb:5 pmb:43 smb:1802 d:- ref:111 6 31 24 ;
in:139 out:139 type:B dur:2 cpbdur:2 q:41.00 tex:816 mv:533 misc:403 imb:1 pmb:54 smb:1794 d:- ref:40 52 18 ;
in:138 out:140 type:b dur:2 cpbdur:2 q:42.00 tex:235 mv:350 misc:327 imb:0 pmb:40 smb:1808 d:- ref:81 ;
in:140 out:141 type:b dur:2 cpbdur:2 q:42.00 tex:156 mv:216 misc:324 imb:1 pmb:43 smb:1806 d:- ref:60 0 ;
in:145 out:142 type:P dur:2 cpbdur:2 q:40.00 tex:2683 mv:739 misc:370 imb:17 pmb:39 smb:1794 d:- ref:112 8 20 16 ;
in:143 out:143 type:B dur:2 cpbdur:2 q:41.00 tex:775 mv:607 misc:426 imb:2 pmb:64 smb:1784 d:- ref:68 48 12 ;
in:142 out:144 type:b dur:2 cpbdur:2 q:42.00 tex:225 mv:293 misc:346 imb:0 pmb:41 smb:1808 d:- ref:36 ;
in:144 out:145 type:b dur:2 cpbdur:2 q:42.00 tex:73 mv:220 misc:339 imb:0 pmb:40 smb:1810 d:- ref:84 28 ;
in:146 out:146 type:P dur:2 cpbdur:2 q:40.00 tex:264 mv:188 misc:292 imb:2 pmb:22 smb:1826 d:- ref:80 0 4 4 ;
in:150 out:147 type:P dur:2 cpbdur:2 q:40.00 tex:2258 mv:440 misc:334 imb:5 pmb:32 smb:1813 d:- ref:84 8 24 12 ;
in:148 out:148 type:B dur:2 cpbdur:2 q:41.00 tex:1169 mv:665 misc:406 imb:3 pmb:51 smb:1793 d:- ref:35 6 48 ;
in:147 out:149 type:b dur:2 cpbdur:2 q:42.00 tex:308 mv:304 misc:340 imb:0 pmb:44 smb:1806 d:- ref:34 ;
in:149 out:150 type:b dur:2 cpbdur:2 q:42.00 tex:7 mv:269 misc:332 imb:0 pmb:42 smb:1807 d:- ref:124 12 ;
in:151 out:151 type:P dur:2 cpbdur:2 q:40.00 tex:1279 mv:283 misc:310 imb:0 pmb:27 smb:1823 d:- ref:66 16 16 10 ;
in:155 out:152 type:P dur:2 cpbdur:2 q:40.00 tex:1460 mv:478 misc:358 imb:3 pmb:43 smb:1804 d:- ref:116 24 12 20 ;
in:153 out:153 type:B dur:2 cpbdur:2 q:41.00 tex:557 mv:376 misc:411 imb:0 pmb:52 smb:1798 d:- ref:30 6 38 ;
in:152 out:154 type:b dur:2 cpbdur:2 q:42.00 tex:116 mv:258 misc:338 imb:1 pmb:42 smb:1807 d:- ref:94 ;
in:154 out:155 type:b dur:2 cpbdur:2 q:42.00 tex:9 mv:189 misc:338 imb:1 pmb:37 smb:1812 d:- ref:60 4 ;
in:159 out:156 type:P dur:2 cpbdur:2 q:40.00 tex:2590 mv:730 misc:368 imb:13 pmb:32 smb:1805 d:- ref:103 8 6 11 ;
in:157 out:157 type:B dur:2 cpbdur:2 q:41.00 tex:509 mv:491 misc:424 imb:2 pmb:59 smb:1789 d:- ref:64 52 4 ;
in:156 out:158 type:b dur:2 cpbdur:2 q:42.00 tex:34 mv:184 misc:342 imb:0 pmb:46 smb:1804 d:- ref:112 ;
in:158 out:159 type:b dur:2 cpbdur:2 q:42.00 tex:191 mv:231 misc:346 imb:0 pmb:41 smb:1809 d:- ref:100 12 ;
in:163 out:160 type:P dur:2 cpbdur:2 q:40.00 tex:1512 mv:504 misc:344 imb:8 pmb:37 smb:1805 d:- ref:124 4 8 12 ;
in:161 out:161 type:B dur:2 cpbdur:2 q:41.00 tex:395 mv:424 misc:397 imb:1 pmb:53 smb:1796 d:- ref:88 48 0 ;
in:160 out:162 type:b dur:2 cpbdur:2 q:42.00 tex:3 mv:206 misc:327 imb:0 pmb:36 smb:1814 d:- ref:60 ;
in:162 out:163 type:b dur:2 cpbdur:2 q:42.00 tex:232 mv:211 misc:325 imb:0 pmb:39 smb:1810 d:- ref:67 22 ;
in:167 out:164 type:P dur:2 cpbdur:2 q:40.00 tex:1080 mv:450 misc:342 imb:2 pmb:37 smb:1811 d:- ref:109 8 22 9 ;
in:165 out:165 type:B dur:2 cpbdur:2 q:41.00 tex:130 mv:305 misc:397 imb:0 pmb:50 smb:1800 d:- ref:64 48 0 ;
in:164 out:166 type:b dur:2 cpbdur:2 q:42.00 tex:5 mv:156 misc:295 imb:0 pmb:28 smb:1822 d:- ref:24 ;
in:166 out:167 type:b dur:2 cpbdur:2 q:42.00 tex:203 mv:126 misc:319 imb:0 pmb:35 smb:1815 d:- ref:68 4 ;
in:168 out:168 type:P dur:2 cpbdur:2 q:40.00 tex:374 mv:264 misc:282 imb:0 pmb:22 smb:1828 d:- ref:78 0 10 0 ;
in:172 out:169 type:P dur:2 cpbdur:2 q:40.00 tex:2851 mv:873 misc:340 imb:7 pmb:46 smb:1797 d:- ref:133 12 17 22 ;
in:170 out:170 type:B dur:2 cpbdur:2 q:41.00 tex:1072 mv:603 misc:397 imb:2 pmb:61 smb:1787 d:- ref:58 6 40 ;
in:169 out:171 type:b dur:2 cpbdur:2 q:42.00 tex:750 mv:293 misc:317 imb:1 pmb:40 smb:1808 d:- ref:49 ;
in:171 out:172 type:b dur:2 cpbdur:2 q:42.00 tex:204 mv:241 misc:331 imb:0 pmb:42 smb:1808 d:- ref:60 12 ;
in:176 out:173 type:P dur:2 cpbdur:2 q:40.00 tex:1657 mv:551 misc:352 imb:6 pmb:46 smb:1798 d:- ref:128 26 28 2 ;
in:174 out:174 type:B dur:2 cpbdur:2 q:41.00 tex:394 mv:430 misc:408 imb:0 pmb:61 smb:1789 d:- ref:58 68 4 ;
in:173 out:175 type:b dur:2 cpbdur:2 q:42.00 tex:84 mv:173 misc:295 imb:0 pmb:33 smb:1817 d:- ref:36 ;
in:175 out:176 type:b dur:2 cpbdur:2 q:42.00 tex:7 mv:229 misc:332 imb:0 pmb:41 smb:1808 d:- ref:122 4 ;
in:177 out:177 type:P dur:2 cpbdur:2 q:40.00 tex:1206 mv:303 misc:323 imb:0 pmb:31 smb:1819 d:- ref:58 30 26 10 ;
in:181 out:178 type:P dur:2 cpbdur:2 q:40.00 tex:2993 mv:783 misc:360 imb:10 pmb:40 smb:1800 d:- ref:99 16 23 22 ;
in:179 out:179 type:B dur:2 cpbdur:2 q:41.00 tex:107 mv:421 misc:408 imb:1 pmb:57 smb:1792 d:- ref:106 0 44 ;
in:178 out:180 type:b dur:2 cpbdur:2 q:42.00 tex:4 mv:140 misc:312 imb:0 pmb:30 smb:1820 d:- ref:56 ;
in:180 out:181 type:b dur:2 cpbdur:2 q:42.00 tex:168 mv:163 misc:309 imb:0 pmb:38 smb:1812 d:- ref:48 4 ;
in:182 out:182 type:P dur:2 cpbdur:2 q:40.00 tex:1229 mv:250 misc:313 imb:1 pmb:28 smb:1821 d:- ref:106 4 2 0 ;
in:186 out:183 type:P dur:2 cpbdur:2 q:40.00 tex:2710 mv:555 misc:367 imb:6 pmb:45 smb:1799 d:- ref:144 24 8 4 ;
in:184 out:184 type:B dur:2 cpbdur:2 q:41.00 tex:557 mv:434 misc:409 imb:0 pmb:59 smb:1791 d:- ref:86 20 40 ;
in:183 out:185 type:b dur:2 cpbdur:2 q:42.00 tex:8 mv:177 misc:319 imb:0 pmb:37 smb:1813 d:- ref:66 ;
in:185 out:186 type:b dur:2 cpbdur:2 q:42.00 tex:41 mv:214 misc:345 imb:0 pmb:50 smb:1800 d:- ref:130 24 ;
in:190 out:187 type:P dur:2 cpbdur:2 q:40.00 tex:3189 mv:461 misc:398 imb:4 pmb:59 smb:1787 d:- ref:200 8 28 0 ;
in:188 out:188 type:B dur:2 cpbdur:2 q:41.00 tex:237 mv:444 misc:423 imb:0 pmb:70 smb:1780 d:- ref:104 46 4 ;
in:187 out:189 type:b dur:2 cpbdur:2 q:42.00 tex:47 mv:133 misc:340 imb:0 pmb:37 smb:1813 d:- ref:26 ;
in:189 out:190 type:b dur:2 cpbdur:2 q:42.00 tex:236 mv:241 misc:331 imb:0 pmb:42 smb:1807 d:- ref:105 20 ;
in:194 out:191 type:P dur:2 cpbdur:2 q:40.00 tex:3052 mv:615 misc:397 imb:7 pmb:49 smb:1794 d:- ref:168 5 23 0 ;
in:192 out:192 type:B dur:2 cpbdur:2 q:41.00 tex:7 mv:351 misc:434 imb:0 pmb:61 smb:1788 d:- ref:86 28 0 ;
in:191 out:193 type:b dur:2 cpbdur:2 q:42.00 tex:3 mv:158 misc:303 imb:0 pmb:33 smb:1817 d:- ref:44 ;
in:193 out:194 type:b dur:2 cpbdur:2 q:42.00 tex:198 mv:104 misc:290 imb:0 pmb:27 smb:1823 d:- ref:44 8 ;
in:198 out:195 type:P dur:2 cpbdur:2 q:40.00 tex:1447 mv:465 misc:336 imb:5 pmb:35 smb:1810 d:- ref:112 14 14 0 ;
in:196 out:196 type:B dur:2 cpbdur:2 q:41.00 tex:215 mv:270 misc:387 imb:0 pmb:46 smb:1804 d:- ref:58 44 0 ;
in:195 out:197 type:b dur:2 cpbdur:2 q:42.00 tex:6 mv:96 misc:298 imb:0 pmb:25 smb:1825 d:- ref:24 ;
in:197 out:198 type:b dur:2 cpbdur:2 q:42.00 tex:111 mv:74 misc:263 imb:0 pmb:22 smb:1828 d:- ref:32 4 ;
in:199 out:199 type:P dur:2 cpbdur:2 q:40.00 tex:745 mv:179 misc:316 imb:0 pmb:23 smb:1827 d:- ref:82 0 10 0 ;
in:200 out:200 type:P dur:2 cpbdur:2 q:40.00 tex:1303 mv:297 misc:320 imb:1 pmb:27 smb:1822 d:- ref:90 2 8 8 ;
in:201 out:201 type:P dur:2 cpbdur:2 q:40.00 tex:1863 mv:414 misc:347 imb:4 pmb:34 smb:1812 d:- ref:116 4 12 4 ;
in:202 out:202 type:P dur:2 cpbdur:2 q:40.00 tex:1477 mv:189 misc:318 imb:1 pmb:25 smb:1824 d:- ref:76 20 4 0 ;
in:203 out:203 type:P dur:2 cpbdur:2 q:40.00 tex:935 mv:249 misc:304 imb:0 pmb:24 smb:1826 d:- ref:73 4 11 8 ;
in:207 out:204 type:P dur:2 cpbdur:2 q:40.00 tex:1626 mv:515 misc:363 imb:0 pmb:45 smb:1805 d:- ref:151 13 12 4 ;
in:205 out:205 type:B dur:2 cpbdur:2 q:41.00 tex:266 mv:349 misc:393 imb:0 pmb:47 smb:1803 d:- ref:56 4 0 ;
in:204 out:206 type:b dur:2 cpbdur:2 q:42.00 tex:81 mv:162 misc:309 imb:0 pmb:33 smb:1817 d:- ref:50 ;
in:206 out:207 type:b dur:2 cpbdur:2 q:42.00 tex:217 mv:160 misc:303 imb:0 pmb:28 smb:1822 d:- ref:46 16 ;
in:211 out:208 type:P dur:2 cpbdur:2 q:40.00 tex:2576 mv:537 misc:383 imb:2 pmb:50 smb:1798 d:- ref:146 12 34 8 ;
in:209 out:209 type:B dur:2 cpbdur:2 q:41.00 tex:377 mv:377 misc:422 imb:0 pmb:54 smb:1796 d:- ref:92 38 4 ;
in:208 out:210 type:b dur:2 cpbdur:2 q:42.00 tex:3 mv:160 misc:301 imb:0 pmb:24 smb:1824 d:- ref:50 ;
in:210 out:211 type:b dur:2 cpbdur:2 q:42.00 tex:343 mv:251 misc:358 imb:0 pmb:43 smb:1806 d:- ref:72 20 ;
in:215 out:212 type:P dur:2 cpbdur:2 q:40.00 tex:3706 mv:746 misc:372 imb:7 pmb:43 smb:1800 d:- ref:134 16 11 11 ;
in:213 out:213 type:B dur:2 cpbdur:2 q:41.00 tex:1024 mv:373 misc:427 imb:0 pmb:65 smb:1785 d:- ref:28 26 0 ;
in:212 out:214 type:b dur:2 cpbdur:2 q:42.00 tex:1005 mv:309 misc:350 imb:2 pmb:50 smb:1798 d:- ref:118 ;
in:214 out:215 type:b dur:2 cpbdur:2 q:42.00 tex:283 mv:175 misc:318 imb:0 pmb:37 smb:1813 d:- ref:50 4 ;
in:219 out:216 type:P dur:2 cpbdur:2 q:40.00 tex:1822 mv:558 misc:388 imb:2 pmb:48 smb:1800 d:- ref:157 17 10 8 ;
in:217 out:217 type:B dur:2 cpbdur:2 q:41.00 tex:433 mv:345 misc:398 imb:0 pmb:52 smb:1798 d:- ref:68 40 0 ;
in:216 out:218 type:b dur:2 cpbdur:2 q:42.00 tex:10 mv:194 misc:324 imb:0 pmb:42 smb:1808 d:- ref:84 ;
in:218 out:219 type:b dur:2 cpbdur:2 q:42.00 tex:138 mv:126 misc:296 imb:0 pmb:35 smb:1815 d:- ref:80 8 ;
in:220 out:220 type:P dur:2 cpbdur:2 q:40.00 tex:718 mv:248 misc:322 imb:1 pmb:28 smb:1821 d:- ref:82 4 26 0 ;
in:224 out:221 type:P dur:2 cpbdur:2 q:40.00 tex:2303 mv:543 misc:354 imb:6 pmb:39 smb:1805 d:- ref:112 39 2 3 ;
in:222 out:222 type:B dur:2 cpbdur:2 q:41.00 tex:374 mv:435 misc:423 imb:0 pmb:60 smb:1789 d:- ref:76 16 36 ;
in:221 out:223 type:b dur:2 cpbdur:2 q:42.00 tex:89 mv:102 misc:297 imb:0 pmb:25 smb:1825 d:- ref:36 ;
in:223 out:224 type:b dur:2 cpbdur:2 q:42.00 tex:395 mv:238 misc:319 imb:0 pmb:34 smb:1814 d:- ref:62 32 ;
in:225 out:225 type:P dur:2 cpbdur:2 q:40.00 tex:2739 mv:566 misc:351 imb:4 pmb:34 smb:1812 d:- ref:87 6 36 7 ;
in:226 out:226 type:P dur:2 cpbdur:2 q:40.00 tex:3018 mv:514 misc:396 imb:0 pmb:54 smb:1796 d:- ref:165 4 43 4 ;
in:230 out:227 type:P dur:2 cpbdur:2 q:40.00 tex:4395 mv:645 misc:432 imb:3 pmb:62 smb:1785 d:- ref:200 16 24 8 ;
in:228 out:228 type:B dur:2 cpbdur:2 q:41.00 tex:292 mv:382 misc:462 imb:0 pmb:72 smb:1776 d:- ref:135 0 36 ;
in:227 out:229 type:b dur:2 cpbdur:2 q:42.00 tex:78 mv:187 misc:351 imb:0 pmb:40 smb:1810 d:- ref:40 ;
in:229 out:230 type:b dur:2 cpbdur:2 q:42.00 tex:257 mv:212 misc:331 imb:0 pmb:39 smb:1811 d:- ref:64 40 ;
in:234 out:231 type:P dur:2 cpbdur:2 q:40.00 tex:12919 mv:1260 misc:485 imb:20 pmb:103 smb:1727 d:- ref:288 64 40 20 ;
in:232 out:232 type:B dur:2 cpbdur:2 q:41.00 tex:738 mv:573 misc:489 imb:2 pmb:102 smb:1743 d:- ref:294 58 8 ;
in:231 out:233 type:b dur:2 cpbdur:2 q:42.00 tex:164 mv:197 misc:383 imb:0 pmb:49 smb:1800 d:- ref:26 ;
in:233 out:234 type:b dur:2 cpbdur:2 q:42.00 tex:712 mv:472 misc:448 imb:0 pmb:88 smb:1760 d:- ref:221 112 ;
in:235 out:235 type:P dur:2 cpbdur:2 q:40.00 tex:7704 mv:548 misc:436 imb:3 pmb:85 smb:1762 d:- ref:316 8 6 10 ;
in:239 out:236 type:P dur:2 cpbdur:2 q:40.00 tex:4376 mv:619 misc:421 imb:8 pmb:56 smb:1786 d:- ref:173 34 15 2 ;
in:237 out:237 type:B dur:2 cpbdur:2 q:41.00 tex:627 mv:501 misc:456 imb:2 pmb:74 smb:1773 d:- ref:105 2 32 ;
in:236 out:238 type:b dur:2 cpbdur:2 q:42.00 tex:669 mv:196 misc:359 imb:0 pmb:47 smb:1802 d:- ref:39 ;
in:238 out:239 type:b dur:2 cpbdur:2 q:42.00 tex:608 mv:267 misc:349 imb:0 pmb:44 smb:1804 d:- ref:97 32 ;
in:243 out:240 type:P dur:2 cpbdur:2 q:40.00 tex:3281 mv:499 misc:452 imb:5 pmb:56 smb:1789 d:- ref:194 17 9 4 ;
in:241 out:241 type:B dur:2 cpbdur:2 q:41.00 tex:367 mv:360 misc:457 imb:1 pmb:69 smb:1779 d:- ref:119 52 12 ;
in:240 out:242 type:b dur:2 cpbdur:2 q:42.00 tex:8 mv:152 misc:336 imb:0 pmb:35 smb:1814 d:- ref:28 ;
in:242 out:243 type:b dur:2 cpbdur:2 q:42.00 tex:376 mv:150 misc:354 imb:0 pmb:40 smb:1810 d:- ref:50 24 ;
in:244 out:244 type:P dur:2 cpbdur:2 q:40.00 tex:756 mv:224 misc:324 imb:0 pmb:26 smb:1824 d:- ref:66 8 28 2 ;
in:245 out:245 type:P dur:2 cpbdur:2 q:40.00 tex:931 mv:179 misc:330 imb:0 pmb:27 smb:1823 d:- ref:84 4 16 4 ;
in:249 out:246 type:P dur:2 cpbdur:2 q:40.00 tex:4661 mv:700 misc:399 imb:11 pmb:47 smb:1792 d:- ref:146 38 0 4 ;
in:247 out:247 type:B dur:2 cpbdur:2 q:41.00 tex:1505 mv:478 misc:433 imb:0 pmb:66 smb:1781 d:- ref:65 4 45 ;
in:246 out:248 type:b dur:2 cpbdur:2 q:42.00 tex:368 mv:252 misc:372 imb:0 pmb:52 smb:1798 d:- ref:90 ;
in:248 out:249 type:b dur:2 cpbdur:2 q:42.00 tex:435 mv:192 misc:373 imb:0 pmb:49 smb:1800 d:- ref:104 8 ;
in:250 out:250 type:I dur:2 cpbdur:2 q:37.00 tex:94238 mv:16555 misc:471 imb:1850 pmb:0 smb:0 d:- ref:;
in:254 out:251 type:P dur:2 cpbdur:2 q:40.00 tex:2626 mv:485 misc:393 imb:4 pmb:61 smb:1785 d:- ref:244 ;
in:252 out:252 type:B dur:2 cpbdur:2 q:41.00 tex:181 mv:276 misc:439 imb:0 pmb:68 smb:1782 d:- ref:122 ;
in:251 out:253 type:b dur:2 cpbdur:2 q:42.00 tex:7 mv:131 misc:350 imb:0 pmb:41 smb:1809 d:- ref:20 ;
in:253 out:254 type:b dur:2 cpbdur:2 q:42.00 tex:73 mv:89 misc:302 imb:0 pmb:32 smb:1818 d:- ref:52 44 ;
in:255 out:255 type:P dur:2 cpbdur:2 q:40.00 tex:1174 mv:195 misc:327 imb:2 pmb:21 smb:1827 d:- ref:56 8 20 0 ;
in:256 out:256 type:P dur:2 cpbdur:2 q:40.00 tex:2682 mv:287 misc:375 imb:2 pmb:47 smb:1801 d:- ref:148 36 0 4 ;
in:257 out:257 type:P dur:2 cpbdur:2 q:40.00 tex:2282 mv:267 misc:363 imb:1 pmb:40 smb:1809 d:- ref:124 17 17 2 ;
in:258 out:258 type:P dur:2 cpbdur:2 q:40.00 tex:2414 mv:312 misc:346 imb:1 pmb:35 smb:1814 d:- ref:108 8 12 12 ;
in:259 out:259 type:P dur:2 cpbdur:2 q:40.00 tex:3691 mv:541 misc:432 imb:6 pmb:52 smb:1792 d:- ref:162 12 28 6 ;
in:260 out:260 type:P dur:2 cpbdur:2 q:40.00 tex:1357 mv:217 misc:330 imb:1 pmb:23 smb:1826 d:- ref:58 16 6 12 ;
in:261 out:261 type:P dur:2 cpbdur:2 q:40.00 tex:2420 mv:314 misc:354 imb:3 pmb:36 smb:1811 d:- ref:115 17 4 8 ;
in:262 out:262 type:P dur:2 cpbdur:2 q:40.00 tex:3578 mv:453 misc:393 imb:2 pmb:48 smb:1800 d:- ref:135 12 29 16 ;
in:266 out:263 type:P dur:2 cpbdur:2 q:40.00 tex:3650 mv:627 misc:411 imb:5 pmb:57 smb:1788 d:- ref:174 8 40 6 ;
in:264 out:264 type:B dur:2 cpbdur:2 q:41.00 tex:100 mv:344 misc:420 imb:0 pmb:61 smb:1788 d:- ref:118 0 0 ;
in:263 out:265 type:b dur:2 cpbdur:2 q:42.00 tex:6 mv:153 misc:305 imb:0 pmb:31 smb:1819 d:- ref:18 ;
in:265 out:266 type:b dur:2 cpbdur:2 q:42.00 tex:328 mv:152 misc:304 imb:0 pmb:34 smb:1816 d:- ref:66 34 ;
in:267 out:267 type:P dur:2 cpbdur:2 q:40.00 tex:2331 mv:255 misc:358 imb:0 pmb:42 smb:1808 d:- ref:120 28 12 8 ;
in:268 out:268 type:P dur:2 cpbdur:2 q:40.00 tex:1951 mv:316 misc:325 imb:3 pmb:28 smb:1819 d:- ref:74 20 18 0 ;
in:269 out:269 type:P dur:2 cpbdur:2 q:40.00 tex:1628 mv:279 misc:293 imb:3 pmb:24 smb:1823 d:- ref:74 9 9 4 ;
in:270 out:270 type:P dur:2 cpbdur:2 q:40.00 tex:1084 mv:129 misc:291 imb:0 pmb:17 smb:1833 d:- ref:54 4 6 4 ;
in:271 out:271 type:P dur:2 cpbdur:2 q:40.00 tex:2317 mv:394 misc:305 imb:2 pmb:37 smb:1811 d:- ref:111 21 8 8 ;
in:272 out:272 type:P dur:2 cpbdur:2 q:40.00 tex:2097 mv:194 misc:309 imb:1 pmb:30 smb:1819 d:- ref:103 5 12 0 ;
in:273 out:273 type:P dur:2 cpbdur:2 q:40.00 tex:4004 mv:449 misc:363 imb:1 pmb:55 smb:1794 d:- ref:160 46 8 6 ;
in:274 out:274 type:P dur:2 cpbdur:2 q:40.00 tex:4095 mv:373 misc:372 imb:0 pmb:51 smb:1799 d:- ref:168 18 14 4 ;
in:278 out:275 type:P dur:2 cpbdur:2 q:40.00 tex:3861 mv:575 misc:412 imb:8 pmb:51 smb:1791 d:- ref:174 4 6 20 ;
in:276 out:276 type:B dur:2 cpbdur:2 q:41.00 tex:430 mv:246 misc:428 imb:0 pmb:57 smb:1793 d:- ref:84 0 0 ;
in:275 out:277 type:b dur:2 cpbdur:2 q:42.00 tex:13 mv:115 misc:328 imb:0 pmb:35 smb:1815 d:- ref:42 ;
in:277 out:278 type:b dur:2 cpbdur:2 q:42.00 tex:362 mv:112 misc:302 imb:0 pmb:31 smb:1819 d:- ref:30 12 ;
in:279 out:279 type:P dur:2 cpbdur:2 q:40.00 tex:1189 mv:188 misc:327 imb:1 pmb:24 smb:1825 d:- ref:66 8 22 0 ;
in:280 out:280 type:P dur:2 cpbdur:2 q:40.00 tex:1426 mv:97 misc:317 imb:0 pmb:20 smb:1830 d:- ref:60 16 4 0 ;
in:281 out:281 type:P dur:2 cpbdur:2 q:40.00 tex:1268 mv:182 misc:318 imb:1 pmb:24 smb:1825 d:- ref:72 12 0 12 ;
in:282 out:282 type:P dur:2 cpbdur:2 q:40.00 tex:3596 mv:453 misc:415 imb:2 pmb:50 smb:1798 d:- ref:159 24 12 5 ;
in:283 out:283 type:P dur:2 cpbdur:2 q:40.00 tex:3361 mv:299 misc:404 imb:2 pmb:44 smb:1804 d:- ref:148 4 24 0 ;
in:284 out:284 type:P dur:2 cpbdur:2 q:40.00 tex:2063 mv:208 misc:369 imb:0 pmb:31 smb:1819 d:- ref:102 12 10 0 ;
in:285 out:285 type:P dur:2 cpbdur:2 q:40.00 tex:4006 mv:613 misc:477 imb:7 pmb:57 smb:1786 d:- ref:178 31 14 5 ;
in:286 out:286 type:P dur:2 cpbdur:2 q:40.00 tex:3644 mv:392 misc:460 imb:3 pmb:55 smb:1792 d:- ref:158 26 32 4 ;
in:290 out:287 type:P dur:2 cpbdur:2 q:40.00 tex:6622 mv:718 misc:500 imb:9 pmb:74 smb:1767 d:- ref:254 20 8 14 ;
in:288 out:288 type:B dur:2 cpbdur:2 q:41.00 tex:716 mv:426 misc:530 imb:1 pmb:88 smb:1761 d:- ref:162 12 0 ;
in:287 out:289 type:b dur:2 cpbdur:2 q:42.00 tex:328 mv:149 misc:395 imb:0 pmb:47 smb:1803 d:- ref:60 ;
in:289 out:290 type:b dur:2 cpbdur:2 q:42.00 tex:241 mv:234 misc:413 imb:0 pmb:63 smb:1787 d:- ref:148 50 ;
in:291 out:291 type:P dur:2 cpbdur:2 q:40.00 tex:3236 mv:364 misc:480 imb:3 pmb:57 smb:1790 d:- ref:208 8 12 0 ;
in:292 out:292 type:P dur:2 cpbdur:2 q:40.00 tex:1427 mv:191 misc:334 imb:0 pmb:29 smb:1821 d:- ref:92 12 4 8 ;
in:296 out:293 type:P dur:2 cpbdur:2 q:40.00 tex:5611 mv:929 misc:532 imb:15 pmb:78 smb:1757 d:- ref:268 8 16 20 ;
in:294 out:294 type:B dur:2 cpbdur:2 q:41.00 tex:1146 mv:565 misc:545 imb:0 pmb:90 smb:1755 d:- ref:192 12 9 ;
in:293 out:295 type:b dur:2 cpbdur:2 q:42.00 tex:793 mv:244 misc:427 imb:0 pmb:55 smb:1794 d:- ref:97 ;
in:295 out:296 type:b dur:2 cpbdur:2 q:42.00 tex:917 mv:276 misc:471 imb:0 pmb:77 smb:1773 d:- ref:150 52 ;
in:297 out:297 type:P dur:2 cpbdur:2 q:40.00 tex:2413 mv:227 misc:384 imb:0 pmb:36 smb:1814 d:- ref:114 8 22 0 ;
in:298 out:298 type:P dur:2 cpbdur:2 q:40.00 tex:3363 mv:300 misc:369 imb:2 pmb:40 smb:1808 d:- ref:125 28 7 0 ;
in:302 out:299 type:P dur:2 cpbdur:2 q:40.00 tex:6538 mv:810 misc:532 imb:5 pmb:86 smb:1759 d:- ref:294 34 12 4 ;
in:300 out:300 type:B dur:2 cpbdur:2 q:41.00 tex:913 mv:482 misc:565 imb:0 pmb:96 smb:1753 d:- ref:160 16 28 ;
in:299 out:301 type:b dur:2 cpbdur:2 q:42.00 tex:133 mv:169 misc:418 imb:0 pmb:55 smb:1795 d:- ref:54 ;
in:301 out:302 type:b dur:2 cpbdur:2 q:42.00 tex:1401 mv:371 misc:444 imb:0 pmb:63 smb:1783 d:- ref:121 16 ;
in:303 out:303 type:P dur:2 cpbdur:2 q:40.00 tex:2492 mv:322 misc:394 imb:0 pmb:40 smb:1810 d:- ref:91 29 40 0 ;
in:304 out:304 type:P dur:2 cpbdur:2 q:40.00 tex:2077 mv:171 misc:344 imb:0 pmb:29 smb:1821 d:- ref:102 4 4 6 ;
in:305 out:305 type:P dur:2 cpbdur:2 q:40.00 tex:3115 mv:356 misc:409 imb:0 pmb:45 smb:1805 d:- ref:155 4 17 4 ;
in:309 out:306 type:P dur:2 cpbdur:2 q:40.00 tex:5992 mv:690 misc:510 imb:3 pmb:90 smb:1757 d:- ref:269 54 23 14 ;
in:307 out:307 type:B dur:2 cpbdur:2 q:41.00 tex:1338 mv:439 misc:543 imb:0 pmb:92 smb:1754 d:- ref:135 8 0 ;
in:306 out:308 type:b dur:2 cpbdur:2 q:42.00 tex:189 mv:173 misc:454 imb:0 pmb:62 smb:1788 d:- ref:86 ;
in:308 out:309 type:b dur:2 cpbdur:2 q:42.00 tex:604 mv:281 misc:427 imb:0 pmb:66 smb:1782 d:- ref:122 28 ;
in:310 out:310 type:P dur:2 cpbdur:2 q:40.00 tex:3592 mv:399 misc:417 imb:0 pmb:55 smb:1795 d:- ref:166 13 37 4 ;
in:314 out:311 type:P dur:2 cpbdur:2 q:40.00 tex:5304 mv:556 misc:468 imb:2 pmb:76 smb:1772 d:- ref:227 18 43 16 ;
in:312 out:312 type:B dur:2 cpbdur:2 q:41.00 tex:390 mv:345 misc:489 imb:0 pmb:78 smb:1772 d:- ref:100 4 44 ;
in:311 out:313 type:b dur:2 cpbdur:2 q:42.00 tex:572 mv:174 misc:414 imb:0 pmb:56 smb:1793 d:- ref:35 ;
in:313 out:314 type:b dur:2 cpbdur:2 q:42.00 tex:565 mv:216 misc:371 imb:0 pmb:46 smb:1804 d:- ref:88 26 ;
in:315 out:315 type:P dur:2 cpbdur:2 q:40.00 tex:2480 mv:207 misc:377 imb:0 pmb:36 smb:1814 d:- ref:114 14 16 0 ;
in:316 out:316 type:P dur:2 cpbdur:2 q:40.00 tex:2547 mv:213 misc:376 imb:0 pmb:38 smb:1812 d:- ref:112 20 16 4 ;
in:320 out:317 type:P dur:2 cpbdur:2 q:40.00 tex:4358 mv:591 misc:467 imb:4 pmb:70 smb:1776 d:- ref:211 37 28 4 ;
in:318 out:318 type:B dur:2 cpbdur:2 q:41.00 tex:272 mv:357 misc:491 imb:0 pmb:71 smb:1777 d:- ref:76 4 36 ;
in:317 out:319 type:b dur:2 cpbdur:2 q:42.00 tex:1268 mv:194 misc:426 imb:0 pmb:61 smb:1789 d:- ref:12 ;
in:319 out:320 type:b dur:2 cpbdur:2 q:42.00 tex:1285 mv:293 misc:358 imb:2 pmb:36 smb:1811 d:- ref:59 21 ;
in:321 out:321 type:P dur:2 cpbdur:2 q:40.00 tex:2221 mv:248 misc:363 imb:0 pmb:32 smb:1818 d:- ref:106 8 10 4 ;
in:322 out:322 type:P dur:2 cpbdur:2 q:40.00 tex:4520 mv:510 misc:474 imb:5 pmb:62 smb:1783 d:- ref:175 16 25 32 ;
in:326 out:323 type:P dur:2 cpbdur:2 q:40.00 tex:4903 mv:742 misc:523 imb:8 pmb:75 smb:1767 d:- ref:216 38 43 3 ;
in:324 out:324 type:B dur:2 cpbdur:2 q:41.00 tex:252 mv:412 misc:560 imb:0 pmb:92 smb:1755 d:- ref:101 0 30 ;
in:323 out:325 type:b dur:2 cpbdur:2 q:42.00 tex:356 mv:163 misc:465 imb:0 pmb:66 smb:1784 d:- ref:30 ;
in:325 out:326 type:b dur:2 cpbdur:2 q:42.00 tex:1694 mv:190 misc:412 imb:0 pmb:58 smb:1792 d:- ref:36 6 ;
in:327 out:327 type:P dur:2 cpbdur:2 q:40.00 tex:3282 mv:302 misc:408 imb:1 pmb:43 smb:1806 d:- ref:148 20 4 0 ;
in:328 out:328 type:P dur:2 cpbdur:2 q:40.00 tex:2814 mv:199 misc:411 imb:0 pmb:45 smb:1805 d:- ref:132 16 20 12 ;
in:329 out:329 type:P dur:2 cpbdur:2 q:40.00 tex:3306 mv:408 misc:422 imb:2 pmb:54 smb:1794 d:- ref:180 12 12 12 ;
in:333 out:330 type:P dur:2 cpbdur:2 q:40.00 tex:6315 mv:651 misc:522 imb:5 pmb:84 smb:1761 d:- ref:251 45 36 4 ;
in:331 out:331 type:B dur:2 cpbdur:2 q:41.00 tex:1602 mv:456 misc:494 imb:1 pmb:81 smb:1765 d:- ref:108 4 0 ;
in:330 out:332 type:b dur:2 cpbdur:2 q:42.00 tex:26 mv:246 misc:456 imb:1 pmb:66 smb:1781 d:- ref:114 ;
in:332 out:333 type:b dur:2 cpbdur:2 q:42.00 tex:219 mv:230 misc:447 imb:0 pmb:62 smb:1787 d:- ref:138 28 ;
in:334 out:334 type:P dur:2 cpbdur:2 q:40.00 tex:2994 mv:268 misc:378 imb:2 pmb:43 smb:1805 d:- ref:128 12 32 0 ;
in:335 out:335 type:P dur:2 cpbdur:2 q:40.00 tex:2666 mv:209 misc:349 imb:2 pmb:29 smb:1819 d:- ref:104 8 0 4 ;
in:336 out:336 type:P dur:2 cpbdur:2 q:40.00 tex:6499 mv:676 misc:521 imb:2 pmb:79 smb:1769 d:- ref:241 37 33 5 ;
in:340 out:337 type:P dur:2 cpbdur:2 q:40.00 tex:5834 mv:781 misc:553 imb:5 pmb:92 smb:1753 d:- ref:303 23 38 4 ;
in:338 out:338 type:B dur:2 cpbdur:2 q:41.00 tex:373 mv:430 misc:565 imb:0 pmb:100 smb:1749 d:- ref:159 8 4 ;
in:337 out:339 type:b dur:2 cpbdur:2 q:42.00 tex:295 mv:188 misc:453 imb:0 pmb:62 smb:1787 d:- ref:11 ;
in:339 out:340 type:b dur:2 cpbdur:2 q:42.00 tex:1218 mv:209 misc:389 imb:0 pmb:53 smb:1795 d:- ref:61 21 ;
in:341 out:341 type:P dur:2 cpbdur:2 q:40.00 tex:2189 mv:327 misc:372 imb:4 pmb:27 smb:1819 d:- ref:81 13 10 4 ;
in:342 out:342 type:P dur:2 cpbdur:2 q:40.00 tex:930 mv:244 misc:314 imb:2 pmb:19 smb:1829 d:- ref:56 0 20 0 ;
in:343 out:343 type:P dur:2 cpbdur:2 q:40.00 tex:4134 mv:399 misc:427 imb:3 pmb:51 smb:1796 d:- ref:183 12 9 0 ;
in:344 out:344 type:P dur:2 cpbdur:2 q:40.00 tex:4043 mv:451 misc:450 imb:8 pmb:50 smb:1792 d:- ref:156 8 36 0 ;
in:345 out:345 type:P dur:2 cpbdur:2 q:40.00 tex:5294 mv:669 misc:461 imb:9 pmb:57 smb:1784 d:- ref:167 21 26 14 ;
in:346 out:346 type:P dur:2 cpbdur:2 q:40.00 tex:3745 mv:412 misc:443 imb:5 pmb:53 smb:1792 d:- ref:178 8 22 4 ;
in:347 out:347 type:P dur:2 cpbdur:2 q:40.00 tex:4274 mv:417 misc:461 imb:1 pmb:58 smb:1791 d:- ref:199 19 14 0 ;
in:348 out:348 type:P dur:2 cpbdur:2 q:40.00 tex:6778 mv:856 misc:566 imb:12 pmb:86 smb:1752 d:- ref:290 29 21 4 ;
in:349 out:349 type:P dur:2 cpbdur:2 q:40.00 tex:3803 mv:411 misc:458 imb:1 pmb:53 smb:1796 d:- ref:144 35 25 8 ;
in:350 out:350 type:P dur:2 cpbdur:2 q:40.00 tex:421 mv:123 misc:280 imb:1 pmb:13 smb:1836 d:- ref:36 12 0 4 ;
in:351 out:351 type:P dur:2 cpbdur:2 q:40.00 tex:2156 mv:272 misc:324 imb:6 pmb:20 smb:1824 d:- ref:75 0 4 1 ;
in:355 out:352 type:P dur:2 cpbdur:2 q:40.00 tex:4516 mv:806 misc:534 imb:10 pmb:82 smb:1758 d:- ref:272 24 22 10 ;
in:353 out:353 type:B dur:2 cpbdur:2 q:41.00 tex:676 mv:454 misc:566 imb:0 pmb:97 smb:1752 d:- ref:171 4 0 ;
in:352 out:354 type:b dur:2 cpbdur:2 q:42.00 tex:68 mv:179 misc:425 imb:0 pmb:54 smb:1796 d:- ref:80 ;
in:354 out:355 type:b dur:2 cpbdur:2 q:42.00 tex:1957 mv:337 misc:482 imb:0 pmb:75 smb:1774 d:- ref:51 20 ;
in:356 out:356 type:P dur:2 cpbdur:2 q:40.00 tex:1785 mv:135 misc:320 imb:0 pmb:24 smb:1826 d:- ref:80 12 4 0 ;
in:357 out:357 type:P dur:2 cpbdur:2 q:40.00 tex:3311 mv:290 misc:391 imb:3 pmb:41 smb:1806 d:- ref:139 12 4 9 ;
in:358 out:358 type:P dur:2 cpbdur:2 q:40.00 tex:4869 mv:496 misc:467 imb:3 pmb:54 smb:1793 d:- ref:167 26 17 6 ;
in:359 out:359 type:P dur:2 cpbdur:2 q:40.00 tex:4595 mv:320 misc:461 imb:1 pmb:58 smb:1791 d:- ref:202 12 14 4 ;
in:360 out:360 type:P dur:2 cpbdur:2 q:40.00 tex:1934 mv:266 misc:336 imb:2 pmb:30 smb:1818 d:- ref:92 0 24 4 ;
in:361 out:361 type:P dur:2 cpbdur:2 q:40.00 tex:2839 mv:258 misc:351 imb:0 pmb:41 smb:1809 d:- ref:151 8 0 5 ;
in:362 out:362 type:P dur:2 cpbdur:2 q:40.00 tex:2897 mv:277 misc:386 imb:1 pmb:41 smb:1808 d:- ref:128 4 28 4 ;
in:366 out:363 type:P dur:2 cpbdur:2 q:40.00 tex:3177 mv:492 misc:467 imb:3 pmb:55 smb:1792 d:- ref:199 13 4 4 ;
in:364 out:364 type:B dur:2 cpbdur:2 q:41.00 tex:700 mv:413 misc:551 imb:0 pmb:77 smb:1771 d:- ref:78 4 0 ;
in:363 out:365 type:b dur:2 cpbdur:2 q:42.00 tex:468 mv:164 misc:408 imb:0 pmb:46 smb:1803 d:- ref:45 ;
in:365 out:366 type:b dur:2 cpbdur:2 q:42.00 tex:1001 mv:180 misc:419 imb:0 pmb:50 smb:1799 d:- ref:68 4 ;
in:367 out:367 type:P dur:2 cpbdur:2 q:40.00 tex:3973 mv:490 misc:449 imb:3 pmb:60 smb:1787 d:- ref:188 32 18 2 ;
in:368 out:368 type:P dur:2 cpbdur:2 q:40.00 tex:5368 mv:397 misc:483 imb:1 pmb:72 smb:1777 d:- ref:208 36 32 12 ;
in:369 out:369 type:P dur:2 cpbdur:2 q:40.00 tex:1993 mv:172 misc:387 imb:0 pmb:35 smb:1815 d:- ref:110 16 10 4 ;
in:370 out:370 type:P dur:2 cpbdur:2 q:40.00 tex:4146 mv:469 misc:433 imb:3 pmb:54 smb:1793 d:- ref:171 34 6 5 ;
in:371 out:371 type:P dur:2 cpbdur:2 q:40.00 tex:2432 mv:301 misc:395 imb:2 pmb:41 smb:1807 d:- ref:111 8 38 7 ;
in:372 out:372 type:P dur:2 cpbdur:2 q:40.00 tex:2680 mv:356 misc:356 imb:5 pmb:27 smb:1818 d:- ref:86 4 4 14 ;
in:373 out:373 type:P dur:2 cpbdur:2 q:40.00 tex:4806 mv:393 misc:433 imb:6 pmb:48 smb:1796 d:- ref:166 8 10 8 ;
in:374 out:374 type:P dur:2 cpbdur:2 q:40.00 tex:5087 mv:354 misc:439 imb:0 pmb:59 smb:1791 d:- ref:204 24 8 0 ;
in:375 out:375 type:P dur:2 cpbdur:2 q:40.00 tex:3406 mv:184 misc:386 imb:0 pmb:42 smb:1808 d:- ref:140 20 8 0 ;
in:376 out:376 type:P dur:2 cpbdur:2 q:40.00 tex:1227 mv:135 misc:302 imb:0 pmb:16 smb:1834 d:- ref:60 0 4 0 ;
in:377 out:377 type:P dur:2 cpbdur:2 q:40.00 tex:1919 mv:222 misc:331 imb:2 pmb:24 smb:1824 d:- ref:76 12 8 0 ;
in:378 out:378 type:P dur:2 cpbdur:2 q:40.00 tex:2759 mv:293 misc:404 imb:0 pmb:39 smb:1811 d:- ref:143 3 8 2 ;
in:379 out:379 type:P dur:2 cpbdur:2 q:40.00 tex:3300 mv:247 misc:389 imb:0 pmb:46 smb:1804 d:- ref:160 5 19 0 ;
in:380 out:380 type:P dur:2 cpbdur:2 q:40.00 tex:3555 mv:314 misc:419 imb:0 pmb:48 smb:1802 d:- ref:171 9 10 2 ;
in:381 out:381 type:P dur:2 cpbdur:2 q:40.00 tex:4329 mv:374 misc:433 imb:1 pmb:57 smb:1792 d:- ref:181 20 25 2 ;
in:385 out:382 type:P dur:2 cpbdur:2 q:40.00 tex:5369 mv:688 misc:495 imb:3 pmb:78 smb:1769 d:- ref:280 18 12 2 ;
in:383 out:383 type:B dur:2 cpbdur:2 q:41.00 tex:371 mv:414 misc:599 imb:0 pmb:101 smb:1748 d:- ref:151 4 0 ;
in:382 out:384 type:b dur:2 cpbdur:2 q:42.00 tex:281 mv:159 misc:448 imb:0 pmb:55 smb:1795 d:- ref:20 ;
in:384 out:385 type:b dur:2 cpbdur:2 q:42.00 tex:1844 mv:260 misc:480 imb:0 pmb:73 smb:1776 d:- ref:74 16 ;
in:386 out:386 type:P dur:2 cpbdur:2 q:40.00 tex:1868 mv:200 misc:340 imb:3 pmb:24 smb:1823 d:- ref:78 4 14 0 ;
in:387 out:387 type:P dur:2 cpbdur:2 q:40.00 tex:1752 mv:122 misc:350 imb:0 pmb:30 smb:1820 d:- ref:92 16 12 0 ;
in:391 out:388 type:P dur:2 cpbdur:2 q:40.00 tex:3588 mv:319 misc:477 imb:1 pmb:62 smb:1787 d:- ref:200 44 4 0 ;
in:389 out:389 type:B dur:2 cpbdur:2 q:41.00 tex:639 mv:415 misc:546 imb:0 pmb:84 smb:1766 d:- ref:116 0 54 ;
in:388 out:390 type:b dur:2 cpbdur:2 q:42.00 tex:367 mv:149 misc:436 imb:0 pmb:51 smb:1799 d:- ref:48 ;
in:390 out:391 type:b dur:2 cpbdur:2 q:42.00 tex:673 mv:189 misc:442 imb:0 pmb:55 smb:1795 d:- ref:118 22 ;
in:392 out:392 type:P dur:2 cpbdur:2 q:40.00 tex:2286 mv:152 misc:378 imb:0 pmb:33 smb:1817 d:- ref:86 18 24 4 ;
in:393 out:393 type:P dur:2 cpbdur:2 q:40.00 tex:4064 mv:260 misc:420 imb:0 pmb:52 smb:1798 d:- ref:164 20 20 4 ;
in:397 out:394 type:P dur:2 cpbdur:2 q:40.00 tex:6234 mv:980 misc:498 imb:13 pmb:66 smb:1771 d:- ref:219 16 24 5 ;
in:395 out:395 type:B dur:2 cpbdur:2 q:41.00 tex:344 mv:479 misc:585 imb:0 pmb:94 smb:1753 d:- ref:166 0 64 ;
in:394 out:396 type:b dur:2 cpbdur:2 q:42.00 tex:49 mv:119 misc:432 imb:0 pmb:52 smb:1798 d:- ref:16 ;
in:396 out:397 type:b dur:2 cpbdur:2 q:42.00 tex:2158 mv:205 misc:485 imb:0 pmb:77 smb:1773 d:- ref:90 4 ;
in:401 out:398 type:P dur:2 cpbdur:2 q:40.00 tex:2035 mv:389 misc:424 imb:0 pmb:56 smb:1794 d:- ref:186 24 4 10 ;
in:399 out:399 type:B dur:2 cpbdur:2 q:41.00 tex:268 mv:256 misc:500 imb:0 pmb:70 smb:1780 d:- ref:78 92 0 ;
in:398 out:400 type:b dur:2 cpbdur:2 q:42.00 tex:612 mv:125 misc:415 imb:0 pmb:47 smb:1803 d:- ref:44 ;
in:400 out:401 type:b dur:2 cpbdur:2 q:42.00 tex:885 mv:111 misc:420 imb:0 pmb:48 smb:1802 d:- ref:110 0 ;
in:405 out:402 type:P dur:2 cpbdur:2 q:40.00 tex:3021 mv:492 misc:455 imb:2 pmb:59 smb:1789 d:- ref:163 21 32 20 ;
in:403 out:403 type:B dur:2 cpbdur:2 q:41.00 tex:1109 mv:366 misc:549 imb:0 pmb:79 smb:1770 d:- ref:79 88 0 ;
in:402 out:404 type:b dur:2 cpbdur:2 q:42.00 tex:795 mv:184 misc:461 imb:0 pmb:57 smb:1792 d:- ref:64 ;
in:404 out:405 type:b dur:2 cpbdur:2 q:42.00 tex:534 mv:178 misc:464 imb:0 pmb:64 smb:1785 d:- ref:142 12 ;
in:409 out:406 type:P dur:2 cpbdur:2 q:40.00 tex:3887 mv:468 misc:549 imb:0 pmb:79 smb:1771 d:- ref:241 33 34 8 ;
in:407 out:407 type:B dur:2 cpbdur:2 q:41.00 tex:1565 mv:379 misc:600 imb:0 pmb:99 smb:1749 d:- ref:83 92 0 ;
in:406 out:408 type:b dur:2 cpbdur:2 q:42.00 tex:1581 mv:224 misc:507 imb:0 pmb:76 smb:1772 d:- ref:95 ;
in:408 out:409 type:b dur:2 cpbdur:2 q:42.00 tex:317 mv:168 misc:483 imb:0 pmb:65 smb:1785 d:- ref:122 20 ;
in:413 out:410 type:P dur:2 cpbdur:2 q:40.00 tex:2123 mv:326 misc:407 imb:0 pmb:51 smb:1799 d:- ref:132 20 40 12 ;
in:411 out:411 type:B dur:2 cpbdur:2 q:41.00 tex:542 mv:275 misc:511 imb:0 pmb:70 smb:1780 d:- ref:74 100 0 ;
in:410 out:412 type:b dur:2 cpbdur:2 q:42.00 tex:79 mv:119 misc:410 imb:0 pmb:47 smb:1803 d:- ref:20 ;
in:412 out:413 type:b dur:2 cpbdur:2 q:42.00 tex:432 mv:137 misc:423 imb:0 pmb:48 smb:1801 d:- ref:119 16 ;
in:414 out:414 type:P dur:2 cpbdur:2 q:40.00 tex:1383 mv:139 misc:334 imb:0 pmb:22 smb:1828 d:- ref:62 20 6 0 ;
in:415 out:415 type:P dur:2 cpbdur:2 q:40.00 tex:1508 mv:138 misc:306 imb:0 pmb:21 smb:1829 d:- ref:54 16 10 4 ;
in:419 out:416 type:P dur:2 cpbdur:2 q:40.00 tex:1817 mv:295 misc:376 imb:0 pmb:39 smb:1811 d:- ref:103 25 28 0 ;
in:417 out:417 type:B dur:2 cpbdur:2 q:41.00 tex:1184 mv:294 misc:514 imb:0 pmb:68 smb:1782 d:- ref:4 0 104 ;
in:416 out:418 type:b dur:2 cpbdur:2 q:42.00 tex:97 mv:161 misc:454 imb:0 pmb:58 smb:1792 d:- ref:62 ;
in:418 out:419 type:b dur:2 cpbdur:2 q:42.00 tex:10 mv:121 misc:389 imb:0 pmb:42 smb:1808 d:- ref:88 0 ;
in:420 out:420 type:P dur:2 cpbdur:2 q:40.00 tex:3552 mv:399 misc:417 imb:4 pmb:46 smb:1800 d:- ref:162 12 10 0 ;
in:424 out:421 type:P dur:2 cpbdur:2 q:40.00 tex:2680 mv:265 misc:455 imb:0 pmb:59 smb:1791 d:- ref:166 20 46 4 ;
in:422 out:422 type:B dur:2 cpbdur:2 q:41.00 tex:114 mv:354 misc:532 imb:0 pmb:77 smb:1772 d:- ref:50 0 96 ;
in:421 out:423 type:b dur:2 cpbdur:2 q:42.00 tex:9 mv:131 misc:468 imb:0 pmb:60 smb:1790 d:- ref:28 ;
in:423 out:424 type:b dur:2 cpbdur:2 q:42.00 tex:77 mv:116 misc:375 imb:0 pmb:39 smb:1811 d:- ref:112 16 ;
in:428 out:425 type:P dur:2 cpbdur:2 q:40.00 tex:2412 mv:379 misc:449 imb:4 pmb:51 smb:1795 d:- ref:123 28 37 16 ;
in:426 out:426 type:B dur:2 cpbdur:2 q:41.00 tex:757 mv:274 misc:545 imb:0 pmb:77 smb:1773 d:- ref:62 116 0 ;
in:425 out:427 type:b dur:2 cpbdur:2 q:42.00 tex:185 mv:170 misc:453 imb:0 pmb:58 smb:1792 d:- ref:72 ;
in:427 out:428 type:b dur:2 cpbdur:2 q:42.00 tex:466 mv:124 misc:442 imb:0 pmb:52 smb:1798 d:- ref:124 8 ;
in:429 out:429 type:P dur:2 cpbdur:2 q:40.00 tex:2061 mv:134 misc:357 imb:0 pmb:28 smb:1822 d:- ref:79 16 8 9 ;
in:433 out:430 type:P dur:2 cpbdur:2 q:40.00 tex:3019 mv:462 misc:479 imb:3 pmb:61 smb:1786 d:- ref:192 16 16 20 ;
in:431 out:431 type:B dur:2 cpbdur:2 q:41.00 tex:153 mv:275 misc:556 imb:0 pmb:82 smb:1768 d:- ref:138 0 100 ;
in:430 out:432 type:b dur:2 cpbdur:2 q:42.00 tex:39 mv:174 misc:419 imb:0 pmb:45 smb:1804 d:- ref:21 ;
in:432 out:433 type:b dur:2 cpbdur:2 q:42.00 tex:1470 mv:242 misc:488 imb:0 pmb:71 smb:1779 d:- ref:106 12 ;
in:434 out:434 type:P dur:2 cpbdur:2 q:40.00 tex:449 mv:74 misc:293 imb:0 pmb:12 smb:1838 d:- ref:32 4 12 0 ;
in:438 out:435 type:P dur:2 cpbdur:2 q:40.00 tex:1677 mv:304 misc:395 imb:2 pmb:41 smb:1807 d:- ref:130 8 12 14 ;
in:436 out:436 type:B dur:2 cpbdur:2 q:41.00 tex:531 mv:252 misc:497 imb:0 pmb:60 smb:1790 d:- ref:48 0 96 ;
in:435 out:437 type:b dur:2 cpbdur:2 q:42.00 tex:4 mv:146 misc:418 imb:0 pmb:46 smb:1804 d:- ref:58 ;
in:437 out:438 type:b dur:2 cpbdur:2 q:42.00 tex:83 mv:157 misc:408 imb:0 pmb:44 smb:1806 d:- ref:108 24 ;
in:442 out:439 type:P dur:2 cpbdur:2 q:40.00 tex:2648 mv:379 misc:445 imb:0 pmb:55 smb:1795 d:- ref:179 19 22 0 ;
in:440 out:440 type:B dur:2 cpbdur:2 q:41.00 tex:730 mv:315 misc:547 imb:0 pmb:81 smb:1768 d:- ref:68 92 0 ;
in:439 out:441 type:b dur:2 cpbdur:2 q:42.00 tex:478 mv:138 misc:448 imb:0 pmb:55 smb:1795 d:- ref:52 ;
in:441 out:442 type:b dur:2 cpbdur:2 q:42.00 tex:1057 mv:189 misc:450 imb:0 pmb:59 smb:1791 d:- ref:92 8 ;
in:446 out:443 type:P dur:2 cpbdur:2 q:40.00 tex:3745 mv:507 misc:492 imb:6 pmb:65 smb:1779 d:- ref:180 36 36 8 ;
in:444 out:444 type:B dur:2 cpbdur:2 q:41.00 tex:2222 mv:350 misc:580 imb:0 pmb:93 smb:1757 d:- ref:60 92 0 ;
in:443 out:445 type:b dur:2 cpbdur:2 q:42.00 tex:27 mv:266 misc:507 imb:1 pmb:71 smb:1777 d:- ref:172 ;
in:445 out:446 type:b dur:2 cpbdur:2 q:42.00 tex:105 mv:170 misc:509 imb:0 pmb:69 smb:1781 d:- ref:138 8 ;
in:450 out:447 type:P dur:2 cpbdur:2 q:40.00 tex:2054 mv:386 misc:432 imb:2 pmb:49 smb:1799 d:- ref:119 12 49 16 ;
in:448 out:448 type:B dur:2 cpbdur:2 q:41.00 tex:456 mv:285 misc:515 imb:0 pmb:72 smb:1778 d:- ref:42 96 0 ;
in:447 out:449 type:b dur:2 cpbdur:2 q:42.00 tex:173 mv:144 misc:451 imb:0 pmb:56 smb:1794 d:- ref:48 ;
in:449 out:450 type:b dur:2 cpbdur:2 q:42.00 tex:153 mv:141 misc:378 imb:0 pmb:38 smb:1811 d:- ref:106 4 ;
in:454 out:451 type:P dur:2 cpbdur:2 q:40.00 tex:2350 mv:360 misc:426 imb:1 pmb:44 smb:1805 d:- ref:104 42 22 8 ;
in:452 out:452 type:B dur:2 cpbdur:2 q:41.00 tex:936 mv:286 misc:522 imb:0 pmb:71 smb:1778 d:- ref:71 92 0 ;
in:451 out:453 type:b dur:2 cpbdur:2 q:42.00 tex:529 mv:132 misc:435 imb:0 pmb:49 smb:1801 d:- ref:52 ;
in:453 out:454 type:b dur:2 cpbdur:2 q:42.00 tex:934 mv:154 misc:456 imb:0 pmb:55 smb:1795 d:- ref:108 12 ;
in:458 out:455 type:P dur:2 cpbdur:2 q:40.00 tex:4103 mv:578 misc:511 imb:3 pmb:65 smb:1782 d:- ref:199 29 28 4 ;
in:456 out:456 type:B dur:2 cpbdur:2 q:41.00 tex:2858 mv:415 misc:647 imb:0 pmb:105 smb:1744 d:- ref:55 104 0 ;
in:455 out:457 type:b dur:2 cpbdur:2 q:42.00 tex:15 mv:238 misc:547 imb:0 pmb:88 smb:1761 d:- ref:238 ;
in:457 out:458 type:b dur:2 cpbdur:2 q:42.00 tex:21 mv:213 misc:582 imb:0 pmb:85 smb:1765 d:- ref:142 20 ;
in:462 out:459 type:P dur:2 cpbdur:2 q:40.00 tex:3197 mv:489 misc:522 imb:2 pmb:66 smb:1782 d:- ref:179 32 30 23 ;
in:460 out:460 type:B dur:2 cpbdur:2 q:41.00 tex:1020 mv:270 misc:598 imb:0 pmb:85 smb:1765 d:- ref:46 108 0 ;
in:459 out:461 type:b dur:2 cpbdur:2 q:42.00 tex:394 mv:191 misc:519 imb:0 pmb:69 smb:1781 d:- ref:90 ;
in:461 out:462 type:b dur:2 cpbdur:2 q:42.00 tex:482 mv:143 misc:447 imb:0 pmb:53 smb:1797 d:- ref:122 20 ;
in:466 out:463 type:P dur:2 cpbdur:2 q:40.00 tex:2346 mv:412 misc:434 imb:2 pmb:50 smb:1798 d:- ref:150 30 20 0 ;
in:464 out:464 type:B dur:2 cpbdur:2 q:41.00 tex:427 mv:255 misc:542 imb:0 pmb:79 smb:1771 d:- ref:32 112 0 ;
in:463 out:465 type:b dur:2 cpbdur:2 q:42.00 tex:713 mv:172 misc:499 imb:0 pmb:66 smb:1784 d:- ref:50 ;
in:465 out:466 type:b dur:2 cpbdur:2 q:42.00 tex:801 mv:162 misc:445 imb:0 pmb:52 smb:1798 d:- ref:112 8 ;
in:470 out:467 type:P dur:2 cpbdur:2 q:40.00 tex:4936 mv:864 misc:552 imb:7 pmb:72 smb:1771 d:- ref:208 45 26 9 ;
in:468 out:468 type:B dur:2 cpbdur:2 q:41.00 tex:2876 mv:537 misc:643 imb:0 pmb:106 smb:1742 d:- ref:120 104 4 ;
in:467 out:469 type:b dur:2 cpbdur:2 q:42.00 tex:32 mv:281 misc:551 imb:0 pmb:86 smb:1764 d:- ref:196 ;
in:469 out:470 type:b dur:2 cpbdur:2 q:42.00 tex:691 mv:314 misc:587 imb:0 pmb:90 smb:1760 d:- ref:162 30 ;
in:474 out:471 type:P dur:2 cpbdur:2 q:40.00 tex:2066 mv:301 misc:417 imb:0 pmb:45 smb:1805 d:- ref:96 8 60 16 ;
in:472 out:472 type:B dur:2 cpbdur:2 q:41.00 tex:569 mv:260 misc:523 imb:0 pmb:68 smb:1781 d:- ref:30 112 0 ;
in:471 out:473 type:b dur:2 cpbdur:2 q:42.00 tex:370 mv:184 misc:454 imb:0 pmb:58 smb:1792 d:- ref:50 ;
in:473 out:474 type:b dur:2 cpbdur:2 q:42.00 tex:45 mv:150 misc:429 imb:0 pmb:47 smb:1802 d:- ref:128 18 ;
in:478 out:475 type:P dur:2 cpbdur:2 q:40.00 tex:1965 mv:393 misc:442 imb:0 pmb:49 smb:1801 d:- ref:151 20 19 6 ;
in:476 out:476 type:B dur:2 cpbdur:2 q:41.00 tex:900 mv:284 misc:544 imb:0 pmb:74 smb:1775 d:- ref:24 104 8 ;
in:475 out:477 type:b dur:2 cpbdur:2 q:42.00 tex:465 mv:162 misc:485 imb:0 pmb:60 smb:1790 d:- ref:58 ;
in:477 out:478 type:b dur:2 cpbdur:2 q:42.00 tex:991 mv:185 misc:480 imb:0 pmb:60 smb:1790 d:- ref:124 8 ;
in:482 out:479 type:P dur:2 cpbdur:2 q:40.00 tex:2793 mv:472 misc:503 imb:3 pmb:66 smb:1781 d:- ref:186 36 26 16 ;
in:480 out:480 type:B dur:2 cpbdur:2 q:41.00 tex:1502 mv:288 misc:594 imb:0 pmb:90 smb:1760 d:- ref:68 108 0 ;
in:479 out:481 type:b dur:2 cpbdur:2 q:42.00 tex:7 mv:215 misc:490 imb:0 pmb:66 smb:1784 d:- ref:118 ;
in:481 out:482 type:b dur:2 cpbdur:2 q:42.00 tex:270 mv:174 misc:508 imb:0 pmb:67 smb:1783 d:- ref:152 12 ;
in:486 out:483 type:P dur:2 cpbdur:2 q:40.00 tex:2843 mv:526 misc:519 imb:6 pmb:63 smb:1781 d:- ref:159 32 45 16 ;
in:484 out:484 type:B dur:2 cpbdur:2 q:41.00 tex:1261 mv:345 misc:594 imb:0 pmb:87 smb:1762 d:- ref:88 102 0 ;
in:483 out:485 type:b dur:2 cpbdur:2 q:42.00 tex:435 mv:164 misc:505 imb:0 pmb:65 smb:1785 d:- ref:44 ;
in:485 out:486 type:b dur:2 cpbdur:2 q:42.00 tex:772 mv:148 misc:488 imb:0 pmb:66 smb:1784 d:- ref:166 12 ;
in:490 out:487 type:P dur:2 cpbdur:2 q:40.00 tex:2647 mv:450 misc:511 imb:0 pmb:66 smb:1784 d:- ref:192 32 12 28 ;
in:488 out:488 type:B dur:2 cpbdur:2 q:41.00 tex:1359 mv:326 misc:643 imb:1 pmb:100 smb:1749 d:- ref:56 108 0 ;
in:487 out:489 type:b dur:2 cpbdur:2 q:42.00 tex:1053 mv:210 misc:569 imb:0 pmb:82 smb:1768 d:- ref:86 ;
in:489 out:490 type:b dur:2 cpbdur:2 q:42.00 tex:983 mv:152 misc:513 imb:0 pmb:66 smb:1784 d:- ref:132 4 ;
in:494 out:491 type:P dur:2 cpbdur:2 q:40.00 tex:2974 mv:288 misc:450 imb:1 pmb:50 smb:1799 d:- ref:172 4 24 0 ;
in:492 out:492 type:B dur:2 cpbdur:2 q:41.00 tex:1418 mv:292 misc:562 imb:0 pmb:79 smb:1771 d:- ref:88 116 0 ;
in:491 out:493 type:b dur:2 cpbdur:2 q:42.00 tex:21 mv:155 misc:488 imb:0 pmb:61 smb:1788 d:- ref:120 ;
in:493 out:494 type:b dur:2 cpbdur:2 q:42.00 tex:78 mv:185 misc:513 imb:0 pmb:69 smb:1781 d:- ref:168 32 ;
in:498 out:495 type:P dur:2 cpbdur:2 q:40.00 tex:1939 mv:371 misc:482 imb:0 pmb:62 smb:1788 d:- ref:164 8 51 25 ;
in:496 out:496 type:B dur:2 cpbdur:2 q:41.00 tex:630 mv:309 misc:605 imb:0 pmb:88 smb:1761 d:- ref:87 116 0 ;
in:495 out:497 type:b dur:2 cpbdur:2 q:42.00 tex:125 mv:146 misc:505 imb:0 pmb:65 smb:1785 d:- ref:30 ;
in:497 out:498 type:b dur:2 cpbdur:2 q:42.00 tex:527 mv:142 misc:483 imb:0 pmb:62 smb:1788 d:- ref:172 8 ;
in:499 out:499 type:P dur:2 cpbdur:2 q:40.00 tex:1980 mv:232 misc:388 imb:0 pmb:39 smb:1811 d:- ref:92 16 40 8 ;
in:500 out:500 type:I dur:2 cpbdur:2 q:37.00 tex:175145 mv:24102 misc:497 imb:1850 pmb:0 smb:0 d:- ref:;
in:504 out:501 type:P dur:2 cpbdur:2 q:40.00 tex:6162 mv:436 misc:530 imb:2 pmb:91 smb:1757 d:- ref:364 ;
in:502 out:502 type:B dur:2 cpbdur:2 q:41.00 tex:212 mv:342 misc:590 imb:0 pmb:101 smb:1748 d:- ref:265 ;
in:501 out:503 type:b dur:2 cpbdur:2 q:42.00 tex:1167 mv:167 misc:354 imb:0 pmb:44 smb:1806 d:- ref:24 ;
in:503 out:504 type:b dur:2 cpbdur:2 q:42.00 tex:12 mv:212 misc:496 imb:0 pmb:72 smb:1778 d:- ref:190 88 ;
in:508 out:505 type:P dur:2 cpbdur:2 q:40.00 tex:3077 mv:468 misc:527 imb:0 pmb:74 smb:1776 d:- ref:105 21 162 8 ;
in:506 out:506 type:B dur:2 cpbdur:2 q:41.00 tex:645 mv:266 misc:553 imb:0 pmb:83 smb:1766 d:- ref:62 28 8 ;
in:505 out:507 type:b dur:2 cpbdur:2 q:42.00 tex:10 mv:128 misc:446 imb:0 pmb:58 smb:1792 d:- ref:30 ;
in:507 out:508 type:b dur:2 cpbdur:2 q:42.00 tex:434 mv:93 misc:345 imb:0 pmb:32 smb:1818 d:- ref:64 12 ;
in:512 out:509 type:P dur:2 cpbdur:2 q:40.00 tex:1928 mv:321 misc:447 imb:0 pmb:48 smb:1802 d:- ref:142 18 28 4 ;
in:510 out:510 type:B dur:2 cpbdur:2 q:41.00 tex:1190 mv:245 misc:485 imb:0 pmb:62 smb:1788 d:- ref:92 36 12 ;
in:509 out:511 type:b dur:2 cpbdur:2 q:42.00 tex:8 mv:100 misc:372 imb:0 pmb:35 smb:1814 d:- ref:56 ;
in:511 out:512 type:b dur:2 cpbdur:2 q:42.00 tex:1394 mv:161 misc:445 imb:0 pmb:56 smb:1794 d:- ref:64 8 ;
in:516 out:513 type:P dur:2 cpbdur:2 q:40.00 tex:4601 mv:511 misc:488 imb:3 pmb:62 smb:1785 d:- ref:204 28 16 0 ;
in:514 out:514 type:B dur:2 cpbdur:2 q:41.00 tex:313 mv:321 misc:534 imb:0 pmb:82 smb:1768 d:- ref:116 68 8 ;
in:513 out:515 type:b dur:2 cpbdur:2 q:42.00 tex:1517 mv:183 misc:460 imb:1 pmb:61 smb:1788 d:- ref:42 ;
in:515 out:516 type:b dur:2 cpbdur:2 q:42.00 tex:4 mv:175 misc:429 imb:0 pmb:58 smb:1792 d:- ref:168 36 ;
in:520 out:517 type:P dur:2 cpbdur:2 q:40.00 tex:3198 mv:389 misc:533 imb:0 pmb:68 smb:1782 d:- ref:145 15 106 6 ;
in:518 out:518 type:B dur:2 cpbdur:2 q:41.00 tex:753 mv:253 misc:562 imb:0 pmb:83 smb:1767 d:- ref:122 56 0 ;
in:517 out:519 type:b dur:2 cpbdur:2 q:42.00 tex:72 mv:117 misc:395 imb:0 pmb:47 smb:1803 d:- ref:44 ;
in:519 out:520 type:b dur:2 cpbdur:2 q:42.00 tex:698 mv:142 misc:424 imb:0 pmb:51 smb:1799 d:- ref:122 32 ;
in:524 out:521 type:P dur:2 cpbdur:2 q:40.00 tex:1948 mv:378 misc:482 imb:1 pmb:60 smb:1789 d:- ref:121 15 90 14 ;
in:522 out:522 type:B dur:2 cpbdur:2 q:41.00 tex:797 mv:195 misc:504 imb:0 pmb:67 smb:1783 d:- ref:76 40 4 ;
in:521 out:523 type:b dur:2 cpbdur:2 q:42.00 tex:267 mv:113 misc:396 imb:0 pmb:47 smb:1803 d:- ref:32 ;
in:523 out:524 type:b dur:2 cpbdur:2 q:42.00 tex:742 mv:153 misc:361 imb:0 pmb:42 smb:1808 d:- ref:56 32 ;
in:528 out:525 type:P dur:2 cpbdur:2 q:40.00 tex:5172 mv:498 misc:538 imb:2 pmb:78 smb:1770 d:- ref:230 48 24 10 ;
in:526 out:526 type:B dur:2 cpbdur:2 q:41.00 tex:516 mv:274 misc:594 imb:0 pmb:97 smb:1753 d:- ref:168 40 4 ;
in:525 out:527 type:b dur:2 cpbdur:2 q:42.00 tex:1356 mv:154 misc:410 imb:0 pmb:55 smb:1795 d:- ref:28 ;
in:527 out:528 type:b dur:2 cpbdur:2 q:42.00 tex:15 mv:171 misc:470 imb:0 pmb:68 smb:1782 d:- ref:190 56 ;
in:532 out:529 type:P dur:2 cpbdur:2 q:40.00 tex:1390 mv:274 misc:472 imb:0 pmb:56 smb:1794 d:- ref:88 8 116 12 ;
in:530 out:530 type:B dur:2 cpbdur:2 q:41.00 tex:12 mv:178 misc:474 imb:0 pmb:59 smb:1791 d:- ref:8 36 0 ;
in:529 out:531 type:b dur:2 cpbdur:2 q:42.00 tex:9 mv:120 misc:415 imb:0 pmb:50 smb:1800 d:- ref:8 ;
in:531 out:532 type:b dur:2 cpbdur:2 q:42.00 tex:2 mv:28 misc:242 imb:0 pmb:12 smb:1838 d:- ref:40 0 ;
in:536 out:533 type:P dur:2 cpbdur:2 q:40.00 tex:18 mv:136 misc:254 imb:1 pmb:16 smb:1833 d:- ref:32 0 16 16 ;
in:534 out:534 type:B dur:2 cpbdur:2 q:41.00 tex:7 mv:153 misc:312 imb:0 pmb:23 smb:1827 d:- ref:24 40 0 ;
in:533 out:535 type:b dur:2 cpbdur:2 q:42.00 tex:1 mv:31 misc:232 imb:0 pmb:10 smb:1840 d:- ref:4 ;
in:535 out:536 type:b dur:2 cpbdur:2 q:42.00 tex:1 mv:50 misc:253 imb:0 pmb:15 smb:1835 d:- ref:44 0 ;
in:539 out:537 type:P dur:2 cpbdur:2 q:40.00 tex:37 mv:114 misc:265 imb:0 pmb:10 smb:1840 d:- ref:32 0 8 0 ;
in:538 out:538 type:B dur:2 cpbdur:2 q:41.00 tex:5 mv:93 misc:286 imb:0 pmb:22 smb:1828 d:- ref:4 36 0 ;
in:537 out:539 type:b dur:2 cpbdur:2 q:42.00 tex:1 mv:24 misc:231 imb:0 pmb:10 smb:1840 d:- ref:4 0 ;
